
=== Fri Jun  7 04:23:20 2019

Packages were changed.
Update Mode: mergeDefaultDependencies

The following packages were added:
  com.unity.ext.nunit@1.0.0
  com.unity.test-framework@1.0.12
  com.unity.ide.vscode@1.0.4
  com.unity.ide.visualstudio@1.0.5
  com.unity.ide.rider@1.0.4
  com.unity.modules.androidjni@1.0.0
The following packages were updated:
  com.unity.collab-proxy from version 1.2.9 to 1.2.16
  com.unity.package-manager-ui from version 0.0.0-builtin to 2.2.0
  com.unity.purchasing from version 2.0.1 to 2.0.6
  com.unity.timeline from version 0.0.0-builtin to 1.0.0

=== Fri Jun  7 05:28:17 2019

Packages were changed.
Update Mode: resetToDefaultDependencies

The following packages were updated:
  com.unity.analytics from version 3.2.2 to 3.3.2
  com.unity.textmeshpro from version 1.3.0 to 2.0.0
  com.unity.package-manager-ui from version 2.2.0 to 2.1.2
The following packages were removed:
  com.unity.ext.nunit@1.0.0
  com.unity.ide.rider@1.0.4
  com.unity.ide.visualstudio@1.0.5
  com.unity.ide.vscode@1.0.4
  com.unity.test-framework@1.0.12
  com.unity.modules.androidjni@1.0.0

=== Sat Jun  8 07:41:35 2019

Packages were changed.
Update Mode: updateDependencies

The following packages were updated:
  com.unity.textmeshpro from version 2.0.0 to 2.0.1
